# JRE version: OpenJDK Runtime Environment Temurin-17.0.7+7 (17.0.7+7) (build 17.0.7+7)
# Java VM: OpenJDK 64-Bit Server VM Temurin-17.0.7+7 (17.0.7+7, mixed mode, sharing, tiered, compressed oops, compressed class ptrs, g1 gc, windows-amd64)
GC Precious Log:
 CPUs: 24 total, 24 available
 Memory: 32444M
 Large Page Support: Disabled
 NUMA Support: Disabled
 Compressed Oops: Enabled (Zero based)
 Heap Region Size: 2M
 Heap Min Capacity: 512M
 Heap Initial Capacity: 512M
 Heap Max Capacity: 4072M
 Pre-touch: Disabled
 Parallel Workers: 18
 Concurrent Workers: 5
 Concurrent Refinement Workers: 18
 Periodic GC: Disabled
 String Deduplication is enabled
Heap:
 garbage-first heap   total 524288K, used 149510K [0x0000000701800000, 0x0000000800000000)
  region size 2048K, 13 young (26624K), 0 survivors (0K)
 Metaspace       used 98709K, committed 99328K, reserved 1179648K
  class space    used 14490K, committed 14784K, reserved 1048576K
GC Heap History (20 events):
Event: 139.247 GC heap before
{Heap before GC invocations=37 (full 2):
 garbage-first heap   total 524288K, used 162901K [0x0000000701800000, 0x0000000800000000)
  region size 2048K, 40 young (81920K), 0 survivors (0K)
 Metaspace       used 84795K, committed 85440K, reserved 1179648K
  class space    used 11787K, committed 12096K, reserved 1048576K
}
Event: 139.252 GC heap after
{Heap after GC invocations=38 (full 2):
 garbage-first heap   total 524288K, used 96964K [0x0000000701800000, 0x0000000800000000)
  region size 2048K, 5 young (10240K), 5 survivors (10240K)
 Metaspace       used 84795K, committed 85440K, reserved 1179648K
  class space    used 11787K, committed 12096K, reserved 1048576K
}
Event: 139.697 GC heap before
{Heap before GC invocations=38 (full 2):
 garbage-first heap   total 524288K, used 168644K [0x0000000701800000, 0x0000000800000000)
  region size 2048K, 40 young (81920K), 5 survivors (10240K)
 Metaspace       used 89075K, committed 89664K, reserved 1179648K
  class space    used 12979K, committed 13248K, reserved 1048576K
}
Event: 139.702 GC heap after
{Heap after GC invocations=39 (full 2):
 garbage-first heap   total 524288K, used 106332K [0x0000000701800000, 0x0000000800000000)
  region size 2048K, 5 young (10240K), 5 survivors (10240K)
 Metaspace       used 89075K, committed 89664K, reserved 1179648K
  class space    used 12979K, committed 13248K, reserved 1048576K
}
Event: 140.019 GC heap before
{Heap before GC invocations=39 (full 2):
 garbage-first heap   total 524288K, used 178012K [0x0000000701800000, 0x0000000800000000)
  region size 2048K, 40 young (81920K), 5 survivors (10240K)
 Metaspace       used 90524K, committed 91136K, reserved 1179648K
  class space    used 13279K, committed 13568K, reserved 1048576K
}
Event: 140.023 GC heap after
{Heap after GC invocations=40 (full 2):
 garbage-first heap   total 524288K, used 110155K [0x0000000701800000, 0x0000000800000000)
  region size 2048K, 2 young (4096K), 2 survivors (4096K)
 Metaspace       used 90524K, committed 91136K, reserved 1179648K
  class space    used 13279K, committed 13568K, reserved 1048576K
}
Event: 141.131 GC heap before
{Heap before GC invocations=40 (full 2):
 garbage-first heap   total 524288K, used 192075K [0x0000000701800000, 0x0000000800000000)
  region size 2048K, 40 young (81920K), 2 survivors (4096K)
 Metaspace       used 95112K, committed 95680K, reserved 1179648K
  class space    used 13912K, committed 14208K, reserved 1048576K
}
Event: 141.135 GC heap after
{Heap after GC invocations=41 (full 2):
 garbage-first heap   total 524288K, used 122468K [0x0000000701800000, 0x0000000800000000)
  region size 2048K, 5 young (10240K), 5 survivors (10240K)
 Metaspace       used 95112K, committed 95680K, reserved 1179648K
  class space    used 13912K, committed 14208K, reserved 1048576K
}
Event: 143.205 GC heap before
{Heap before GC invocations=41 (full 2):
 garbage-first heap   total 524288K, used 194148K [0x0000000701800000, 0x0000000800000000)
  region size 2048K, 40 young (81920K), 5 survivors (10240K)
 Metaspace       used 95260K, committed 95872K, reserved 1179648K
  class space    used 13916K, committed 14208K, reserved 1048576K
}
Event: 143.209 GC heap after
{Heap after GC invocations=42 (full 2):
 garbage-first heap   total 524288K, used 124287K [0x0000000701800000, 0x0000000800000000)
  region size 2048K, 1 young (2048K), 1 survivors (2048K)
 Metaspace       used 95260K, committed 95872K, reserved 1179648K
  class space    used 13916K, committed 14208K, reserved 1048576K
}
Event: 145.355 GC heap before
{Heap before GC invocations=42 (full 2):
 garbage-first heap   total 524288K, used 204159K [0x0000000701800000, 0x0000000800000000)
  region size 2048K, 40 young (81920K), 1 survivors (2048K)
 Metaspace       used 95349K, committed 95936K, reserved 1179648K
  class space    used 13916K, committed 14208K, reserved 1048576K
}
Event: 145.359 GC heap after
{Heap after GC invocations=43 (full 2):
 garbage-first heap   total 524288K, used 124031K [0x0000000701800000, 0x0000000800000000)
  region size 2048K, 1 young (2048K), 1 survivors (2048K)
 Metaspace       used 95349K, committed 95936K, reserved 1179648K
  class space    used 13916K, committed 14208K, reserved 1048576K
}
Event: 145.732 GC heap before
{Heap before GC invocations=43 (full 2):
 garbage-first heap   total 524288K, used 203903K [0x0000000701800000, 0x0000000800000000)
  region size 2048K, 40 young (81920K), 1 survivors (2048K)
 Metaspace       used 97472K, committed 98048K, reserved 1179648K
  class space    used 14259K, committed 14528K, reserved 1048576K
}
Event: 145.734 GC heap after
{Heap after GC invocations=44 (full 2):
 garbage-first heap   total 524288K, used 127136K [0x0000000701800000, 0x0000000800000000)
  region size 2048K, 3 young (6144K), 3 survivors (6144K)
 Metaspace       used 97472K, committed 98048K, reserved 1179648K
  class space    used 14259K, committed 14528K, reserved 1048576K
}
Event: 145.916 GC heap before
{Heap before GC invocations=44 (full 2):
 garbage-first heap   total 524288K, used 149664K [0x0000000701800000, 0x0000000800000000)
  region size 2048K, 12 young (24576K), 3 survivors (6144K)
 Metaspace       used 98520K, committed 99136K, reserved 1179648K
  class space    used 14483K, committed 14784K, reserved 1048576K
}
Event: 145.955 GC heap after
{Heap after GC invocations=45 (full 3):
 garbage-first heap   total 524288K, used 127259K [0x0000000701800000, 0x0000000800000000)
  region size 2048K, 0 young (0K), 0 survivors (0K)
 Metaspace       used 98520K, committed 99136K, reserved 1179648K
  class space    used 14483K, committed 14784K, reserved 1048576K
}
Event: 165.655 GC heap before
{Heap before GC invocations=45 (full 3):
 garbage-first heap   total 524288K, used 166171K [0x0000000701800000, 0x0000000800000000)
  region size 2048K, 18 young (36864K), 0 survivors (0K)
 Metaspace       used 98606K, committed 99200K, reserved 1179648K
  class space    used 14486K, committed 14784K, reserved 1048576K
}
Event: 165.748 GC heap after
{Heap after GC invocations=46 (full 4):
 garbage-first heap   total 524288K, used 125044K [0x0000000701800000, 0x0000000800000000)
  region size 2048K, 0 young (0K), 0 survivors (0K)
 Metaspace       used 98606K, committed 99200K, reserved 1179648K
  class space    used 14486K, committed 14784K, reserved 1048576K
}
Event: 195.824 GC heap before
{Heap before GC invocations=46 (full 4):
 garbage-first heap   total 524288K, used 147572K [0x0000000701800000, 0x0000000800000000)
  region size 2048K, 12 young (24576K), 0 survivors (0K)
 Metaspace       used 98622K, committed 99200K, reserved 1179648K
  class space    used 14486K, committed 14784K, reserved 1048576K
}
Event: 195.929 GC heap after
{Heap after GC invocations=47 (full 5):
 garbage-first heap   total 524288K, used 124934K [0x0000000701800000, 0x0000000800000000)
  region size 2048K, 0 young (0K), 0 survivors (0K)
 Metaspace       used 98622K, committed 99200K, reserved 1179648K
  class space    used 14486K, committed 14784K, reserved 1048576K
}

